<?xml version="1.0" encoding="UTF-8"?>
<testng-results skipped="0" failed="0" total="1" passed="1">
  <reporter-output>
  </reporter-output>
  <suite name="Default suite" duration-ms="42542" started-at="2021-11-16T08:06:22Z" finished-at="2021-11-16T08:07:04Z">
    <groups>
    </groups>
    <test name="Default test" duration-ms="42542" started-at="2021-11-16T08:06:22Z" finished-at="2021-11-16T08:07:04Z">
      <class name="TestSelenium.TestSelenium.SampleSelenium">
        <test-method status="PASS" signature="beforeTest()[pri:0, instance:TestSelenium.TestSelenium.SampleSelenium@1593948d]" name="beforeTest" is-config="true" duration-ms="291" started-at="2021-11-16T13:36:22Z" finished-at="2021-11-16T13:36:22Z">
          <reporter-output>
          </reporter-output>
        </test-method> <!-- beforeTest -->
        <test-method status="PASS" signature="test()[pri:0, instance:TestSelenium.TestSelenium.SampleSelenium@1593948d]" name="test" duration-ms="41145" started-at="2021-11-16T13:36:22Z" finished-at="2021-11-16T13:37:03Z">
          <reporter-output>
          </reporter-output>
        </test-method> <!-- test -->
        <test-method status="PASS" signature="afterTest()[pri:0, instance:TestSelenium.TestSelenium.SampleSelenium@1593948d]" name="afterTest" is-config="true" duration-ms="886" started-at="2021-11-16T13:37:03Z" finished-at="2021-11-16T13:37:04Z">
          <reporter-output>
          </reporter-output>
        </test-method> <!-- afterTest -->
      </class> <!-- TestSelenium.TestSelenium.SampleSelenium -->
    </test> <!-- Default test -->
  </suite> <!-- Default suite -->
</testng-results>
